<?xml version="1.0" encoding="UTF-8"?>
<!-- Generated by org.testng.reporters.JUnitXMLReporter -->
<testsuite hostname="LAPTOP-086DP11B" name="Default test" tests="4" failures="0" timestamp="24 Mar 2019 10:48:34 GMT" time="0.054" errors="0">
  <testcase name="test2" time="0.006" classname="testngAnnotations.Module1"/>
  <testcase name="test1" time="0.001" classname="testngAnnotations.Module1"/>
  <testcase name="test3" time="0.002" classname="testngAnnotations.Module1"/>
  <testcase name="test4" time="0.002" classname="testngAnnotations.Module1"/>
</testsuite> <!-- Default test -->
