<?xml version="1.0" encoding="UTF-8"?>
<!-- Generated by org.testng.reporters.JUnitXMLReporter -->
<testsuite hostname="LAPTOP-086DP11B" name="Test2" tests="4" failures="4" timestamp="31 Mar 2019 12:10:41 GMT" time="29.467" errors="0">
  <testcase name="script" time="6.118" classname="scripts.TC_Login">
    <failure type="java.lang.AssertionError" message="expected [Find a Flight: Mercury Tours:] but found [Welcome: Mercury Tours]">
      <![CDATA[java.lang.AssertionError: expected [Find a Flight: Mercury Tours:] but found [Welcome: Mercury Tours]
	at scripts.TC_Login.script(TC_Login.java:50)
... Removed 30 stack frames]]>
    </failure>
  </testcase> <!-- script -->
  <testcase name="script" time="0.469" classname="scripts.TC_Login">
    <failure type="java.lang.AssertionError" message="expected [Find a Flight: Mercury Tours:] but found [Welcome: Mercury Tours]">
      <![CDATA[java.lang.AssertionError: expected [Find a Flight: Mercury Tours:] but found [Welcome: Mercury Tours]
	at scripts.TC_Login.script(TC_Login.java:50)
... Removed 30 stack frames]]>
    </failure>
  </testcase> <!-- script -->
  <testcase name="script" time="0.438" classname="scripts.TC_Login">
    <failure type="java.lang.AssertionError" message="expected [Find a Flight: Mercury Tours:] but found [Welcome: Mercury Tours]">
      <![CDATA[java.lang.AssertionError: expected [Find a Flight: Mercury Tours:] but found [Welcome: Mercury Tours]
	at scripts.TC_Login.script(TC_Login.java:50)
... Removed 30 stack frames]]>
    </failure>
  </testcase> <!-- script -->
  <testcase name="script" time="0.437" classname="scripts.TC_Login">
    <failure type="java.lang.AssertionError" message="expected [Find a Flight: Mercury Tours:] but found [Welcome: Mercury Tours]">
      <![CDATA[java.lang.AssertionError: expected [Find a Flight: Mercury Tours:] but found [Welcome: Mercury Tours]
	at scripts.TC_Login.script(TC_Login.java:50)
... Removed 30 stack frames]]>
    </failure>
  </testcase> <!-- script -->
</testsuite> <!-- Test2 -->
